[handleMsg]:  {
  key: {
    remoteJid: '5491127659439@s.whatsapp.net',
    fromMe: false,
    id: '73F5F1ADBA36FD907F2DD1734E9C1588',
    participant: undefined
  },
  messageTimestamp: 1684156608,
  pushName: 'Milagros Moauro',
  message: Message {
    conversation: 'Perfecto',
    messageContextInfo: MessageContextInfo {
      deviceListMetadata: [DeviceListMetadata],
      deviceListMetadataVersion: 2
    }
  },
  body: 'Perfecto',
  from: '5491127659439'
}
[handleMsg]:  {
  key: {
    remoteJid: '5491127659439@s.whatsapp.net',
    fromMe: false,
    id: 'E2C95236F6B71FC697957D5974879625',
    participant: undefined
  },
  messageTimestamp: 1684156610,
  pushName: 'Milagros Moauro',
  message: Message {
    conversation: 'Muchísimas gracias',
    messageContextInfo: MessageContextInfo {
      deviceListMetadata: [DeviceListMetadata],
      deviceListMetadataVersion: 2
    }
  },
  body: 'Muchísimas gracias',
  from: '5491127659439'
}
[handleMsg]:  {
  key: {
    remoteJid: '5491134720717@s.whatsapp.net',
    fromMe: false,
    id: '921F47733872609D7DFBA2E00B3BD15A',
    participant: undefined
  },
  messageTimestamp: 1684156652,
  pushName: 'Agos Araldi',
  message: Message {
    documentMessage: DocumentMessage {
      url: 'https://mmg.whatsapp.net/v/t62.7119-24/25415495_208861048658781_2421814508610132661_n.enc?ccb=11-4&oh=01_AdSSQ933CD4tS8CgWbgtakMMLZ3LRuTcFbNvUqwd1Qlj_A&oe=64899E5C&mms3=true',
      mimetype: 'application/vnd.ms-excel',
      title: 'Listas Mayoristas.xls',
      fileSha256: [Uint8Array],
      fileLength: [Long],
      pageCount: 0,
      mediaKey: [Uint8Array],
      fileName: 'Listas Mayoristas.xls',
      fileEncSha256: [Uint8Array],
      directPath: '/v/t62.7119-24/25415495_208861048658781_2421814508610132661_n.enc?ccb=11-4&oh=01_AdSSQ933CD4tS8CgWbgtakMMLZ3LRuTcFbNvUqwd1Qlj_A&oe=64899E5C&_nc_hot=1684156652',
      mediaKeyTimestamp: [Long],
      contextInfo: [ContextInfo]
    },
    messageContextInfo: MessageContextInfo {
      deviceListMetadata: [DeviceListMetadata],
      deviceListMetadataVersion: 2
    }
  },
  body: '_event_document__0a10d5ac-870c-4188-90ce-4f05945af624',
  from: '5491134720717'
}
[handleMsg]:  {
  key: {
    remoteJid: '5493487400686@s.whatsapp.net',
    fromMe: false,
    id: 'F606F1D8C66C94549368BE92BC98E83C',
    participant: undefined
  },
  messageTimestamp: 1684157782,
  pushName: 'Aixa✨',
  messageStubType: 2,
  messageStubParameters: [ 'Message absent from node' ],
  body: undefined,
  from: '5493487400686'
}
[handleMsg]:  {
  key: {
    remoteJid: '5493487400686@s.whatsapp.net',
    fromMe: false,
    id: 'F606F1D8C66C94549368BE92BC98E83C',
    participant: undefined
  },
  messageTimestamp: 1684157783,
  pushName: 'Aixa✨',
  message: Message {
    extendedTextMessage: ExtendedTextMessage {
      text: 'He visto esto en Instagram...',
      previewType: 0,
      contextInfo: [ContextInfo],
      inviteLinkGroupTypeV2: 0
    },
    messageContextInfo: MessageContextInfo {
      deviceListMetadata: [DeviceListMetadata],
      deviceListMetadataVersion: 2
    }
  },
  body: 'He visto esto en Instagram...',
  from: '5493487400686'
}
[handleMsg]:  {
  key: {
    remoteJid: '5493487400686@s.whatsapp.net',
    fromMe: false,
    id: '45E54FD7F029422B5778A28192A38083',
    participant: undefined
  },
  messageTimestamp: 1684157916,
  pushName: 'Aixa✨',
  message: Message {
    conversation: 'Quisiera saber precio y formas de pago',
    messageContextInfo: MessageContextInfo {
      deviceListMetadata: [DeviceListMetadata],
      deviceListMetadataVersion: 2
    }
  },
  body: 'Quisiera saber precio y formas de pago',
  from: '5493487400686'
}
[handleMsg]:  {
  key: {
    remoteJid: '5492613021438@s.whatsapp.net',
    fromMe: false,
    id: '93846DC1860F2EFA0827A5FCE52AA618',
    participant: undefined
  },
  messageTimestamp: 1684159955,
  pushName: 'Solci',
  messageStubType: 2,
  messageStubParameters: [ 'Message absent from node' ],
  body: undefined,
  from: '5492613021438'
}
[handleMsg]:  {
  key: {
    remoteJid: '5492613021438@s.whatsapp.net',
    fromMe: false,
    id: '93846DC1860F2EFA0827A5FCE52AA618',
    participant: undefined
  },
  messageTimestamp: 1684159956,
  pushName: 'Solci',
  message: Message {
    extendedTextMessage: ExtendedTextMessage {
      text: '¿Me enviarían más detalles de la cuna colecho Tandil?',
      canonicalUrl: 'https://fb.me/4k2It1efP',
      description: 'Descubrí la cuna perfecta para el sueño de tu bebé 👶\n' +
        '\n' +
        '👶 Dale a tu bebé noches llenas de dulzura y confort con nuestra cuna 5-en-1 Tandil. La mejor opción para los papis que buscan diseño, practicidad y seguridad para sus peques. 🍼\n' +
        '\n' +
        '🔥 ¡Imperdible! 🔥\n' +
        '👉 Detalles de la cuna Tandil:\n' +
        '♡ CUNA 5 FUNCIONES con baranda volcable y desmontable\n' +
        '♡ Detalles en madera paraíso\n' +
        '♡ Colchón de 120 x 60 cm\n' +
        '♡ Incluye cajón y ruedas con freno\n' +
        '♡ Medidas finales: 128 x 74 cm\n' +
        '\n' +
        '🛍️ Conseguila en nuestro local de Caseros, Buenos Aires, o comprala online en 🐻www.faraonkids.com🐻',
      title: '🌟 ¡Atención, papás y mamás! Llegó la cuna colecho Tandil a Faraón Kids 🌟',
      previewType: 0,
      jpegThumbnail: [Uint8Array],
      contextInfo: [ContextInfo],
      inviteLinkGroupTypeV2: 0
    },
    messageContextInfo: MessageContextInfo {
      deviceListMetadata: [DeviceListMetadata],
      deviceListMetadataVersion: 2
    }
  },
  body: '¿Me enviarían más detalles de la cuna colecho Tandil?',
  from: '5492613021438'
}
[handleMsg]:  {
  key: {
    remoteJid: '5491137832606@s.whatsapp.net',
    fromMe: false,
    id: 'E833CF26D5AD55362EF03A68BD00A85C',
    participant: undefined
  },
  messageTimestamp: 1684160066,
  pushName: 'Gloria',
  message: Message {
    conversation: 'Hola buen día!!!!. Perfecto',
    messageContextInfo: MessageContextInfo {
      deviceListMetadata: [DeviceListMetadata],
      deviceListMetadataVersion: 2
    }
  },
  body: 'Hola buen día!!!!. Perfecto',
  from: '5491137832606'
}
[handleMsg]:  {
  key: {
    remoteJid: '5491137832606@s.whatsapp.net',
    fromMe: false,
    id: '2EF085F0FA7FF502EB03D9F3A2A1D56F',
    participant: undefined
  },
  messageTimestamp: 1684160069,
  pushName: 'Gloria',
  messageStubType: 2,
  messageStubParameters: [ 'Message absent from node' ],
  body: undefined,
  from: '5491137832606'
}
[handleMsg]:  {
  key: {
    remoteJid: '5491137832606@s.whatsapp.net',
    fromMe: false,
    id: '2EF085F0FA7FF502EB03D9F3A2A1D56F',
    participant: undefined
  },
  messageTimestamp: 1684160070,
  pushName: 'Gloria',
  message: Message {
    conversation: 'Gracias',
    messageContextInfo: MessageContextInfo {
      deviceListMetadata: [DeviceListMetadata],
      deviceListMetadataVersion: 2
    }
  },
  body: 'Gracias',
  from: '5491137832606'
}
[handleMsg]:  {
  key: {
    remoteJid: '5492645409273@s.whatsapp.net',
    fromMe: false,
    id: 'F67748256CE5F99A0B9AAA04258281E1',
    participant: undefined
  },
  messageTimestamp: 1684160087,
  pushName: 'Yani💝',
  messageStubType: 2,
  messageStubParameters: [ 'Message absent from node' ],
  body: undefined,
  from: '5492645409273'
}
